<?xml version="1.0" encoding="UTF-8"?>
<testng-results ignored="0" total="1" passed="1" failed="0" skipped="0">
  <reporter-output>
  </reporter-output>
  <suite started-at="2023-07-14T00:56:14 IST" name="Default suite" finished-at="2023-07-14T00:56:39 IST" duration-ms="24666">
    <groups>
    </groups>
    <test started-at="2023-07-14T00:56:14 IST" name="Default test" finished-at="2023-07-14T00:56:39 IST" duration-ms="24666">
      <class name="practice.tripadviser">
        <test-method is-config="true" signature="setup()[pri:0, instance:practice.tripadviser@3e8c3cb]" started-at="2023-07-14T00:56:14 IST" name="setup" finished-at="2023-07-14T00:56:21 IST" duration-ms="7050" status="PASS">
          <reporter-output>
          </reporter-output>
        </test-method> <!-- setup -->
        <test-method signature="giveReview()[pri:0, instance:practice.tripadviser@3e8c3cb]" started-at="2023-07-14T00:56:21 IST" name="giveReview" finished-at="2023-07-14T00:56:39 IST" duration-ms="17522" status="PASS">
          <reporter-output>
          </reporter-output>
        </test-method> <!-- giveReview -->
      </class> <!-- practice.tripadviser -->
    </test> <!-- Default test -->
  </suite> <!-- Default suite -->
</testng-results>
