<?xml version="1.0" encoding="UTF-8"?>
<!-- Generated by org.testng.reporters.JUnitXMLReporter -->
<testsuite ignored="0" hostname="DESKTOP-K94E1RG" failures="0" tests="6" name="mytest" time="8.038" errors="0" timestamp="2023-06-19T21:27:06 IST">
  <testcase classname="firsttestng.NewTest1" name="openapp" time="6.123"/>
  <testcase classname="firsttestng.NewTest1" name="login" time="1.644"/>
  <testcase classname="firsttestng.NewTest1" name="logout" time="0.16"/>
  <testcase classname="firsttestng.NewTest2" name="test1" time="0.004"/>
  <testcase classname="firsttestng.NewTest2" name="test2" time="0.003"/>
  <testcase classname="firsttestng.NewTest2" name="test3" time="0.002"/>
</testsuite> <!-- mytest -->
